Arguments: 
  /Users/loic/.nvm/versions/node/v8.11.2/bin/node /Users/loic/.nvm/versions/node/v8.11.2/bin/yarn add babel-core babel-plugin-external-helper babel-preset-latest babel-preset-react babel-preset-stage-1

PATH: 
  /Users/loic/.rvm/gems/ruby-2.2.0/bin:/Users/loic/.rvm/gems/ruby-2.2.0@global/bin:/Users/loic/.rvm/rubies/ruby-2.2.0/bin:/Users/loic/.nvm/versions/node/v8.11.2/bin:/Volumes/DATA/google-cloud-sdk/bin:/Users/loic/.zsh//plugins/git-open:/usr/local/bin:/usr/bin:/bin:/usr/sbin:/sbin:/usr/texbin:/usr/local/MacGPG2/bin:/Users/loic/.rvm/gems/ruby-2.2.0/bin:/Users/loic/.rvm/gems/ruby-2.2.0@global/bin:/Users/loic/.rvm/rubies/ruby-2.2.0/bin:/Volumes/DATA/google-cloud-sdk/bin:/Users/loic/.zsh//plugins/git-open:/usr/local/opt/fzf/bin:/Users/loic/.rvm/bin:/usr/local/go/bin:/Volumes/DATA/android-sdk/tools:/Volumes/DATA/android-sdk/platform-tools/:/Users/loic/Library/Python/2.7/bin/:/sbin/:/Users/loic/.scripts/_alias/:/Users/loic/.scripts/iterm/:/Users/loic/.scripts/git-pastiche/bin:perl5/perlbrew/bin:/Users/loic/.rvm/bin:/usr/local/go/bin:/Volumes/DATA/android-sdk/tools:/usr/local/bin:/Volumes/DATA/android-sdk/platform-tools/:/Users/loic/Library/Python/2.7/bin/:/sbin/:/Users/loic/.scripts/_alias/:/Users/loic/.scripts/iterm/:/Users/loic/.scripts/git-pastiche/bin:perl5/perlbrew/bin:

Yarn version: 
  1.7.0

Node version: 
  8.11.2

Platform: 
  darwin x64

Trace: 
  Error: https://registry.yarnpkg.com/babel-plugin-external-helper: Not found
      at Request.params.callback [as _callback] (/Users/loic/.nvm/versions/node/v8.11.2/lib/node_modules/yarn/lib/cli.js:65656:18)
      at Request.self.callback (/Users/loic/.nvm/versions/node/v8.11.2/lib/node_modules/yarn/lib/cli.js:134675:22)
      at emitTwo (events.js:126:13)
      at Request.emit (events.js:214:7)
      at Request.<anonymous> (/Users/loic/.nvm/versions/node/v8.11.2/lib/node_modules/yarn/lib/cli.js:135658:10)
      at emitOne (events.js:116:13)
      at Request.emit (events.js:211:7)
      at IncomingMessage.<anonymous> (/Users/loic/.nvm/versions/node/v8.11.2/lib/node_modules/yarn/lib/cli.js:135578:12)
      at Object.onceWrapper (events.js:313:30)
      at emitNone (events.js:111:20)

npm manifest: 
  {
    "name": "reacticoon-hibp",
    "version": "0.0.1",
    "description": "Reacticoon plugin for hibp API",
    "main": "src/index.js",
    "scripts": {
      "test": "echo \"Error: no test specified\" && exit 1"
    },
    "dependencies": {
      "hibp": "7.1.1"
    },
    "devDependencies": {
      "rollup": "0.65.2"
    },
    "author": "",
    "license": "ISC"
  }

yarn manifest: 
  No manifest

Lockfile: 
  # THIS IS AN AUTOGENERATED FILE. DO NOT EDIT THIS FILE DIRECTLY.
  # yarn lockfile v1
  
  
  "@types/estree@0.0.39":
    version "0.0.39"
    resolved "https://registry.yarnpkg.com/@types/estree/-/estree-0.0.39.tgz#e177e699ee1b8c22d23174caaa7422644389509f"
  
  "@types/node@*":
    version "10.9.4"
    resolved "https://registry.yarnpkg.com/@types/node/-/node-10.9.4.tgz#0f4cb2dc7c1de6096055357f70179043c33e9897"
  
  axios@^0.18.0:
    version "0.18.0"
    resolved "http://registry.npmjs.org/axios/-/axios-0.18.0.tgz#32d53e4851efdc0a11993b6cd000789d70c05102"
    dependencies:
      follow-redirects "^1.3.0"
      is-buffer "^1.1.5"
  
  debug@=3.1.0:
    version "3.1.0"
    resolved "https://registry.yarnpkg.com/debug/-/debug-3.1.0.tgz#5bb5a0672628b64149566ba16819e61518c67261"
    dependencies:
      ms "2.0.0"
  
  follow-redirects@^1.3.0:
    version "1.5.8"
    resolved "https://registry.yarnpkg.com/follow-redirects/-/follow-redirects-1.5.8.tgz#1dbfe13e45ad969f813e86c00e5296f525c885a1"
    dependencies:
      debug "=3.1.0"
  
  hibp@7.1.1:
    version "7.1.1"
    resolved "https://registry.yarnpkg.com/hibp/-/hibp-7.1.1.tgz#305d1bdbb12798ed5fcb8d56d98510b540076b1b"
    dependencies:
      axios "^0.18.0"
      jssha "2.3.1"
  
  is-buffer@^1.1.5:
    version "1.1.6"
    resolved "https://registry.yarnpkg.com/is-buffer/-/is-buffer-1.1.6.tgz#efaa2ea9daa0d7ab2ea13a97b2b8ad51fefbe8be"
  
  jssha@2.3.1:
    version "2.3.1"
    resolved "https://registry.yarnpkg.com/jssha/-/jssha-2.3.1.tgz#147b2125369035ca4b2f7d210dc539f009b3de9a"
  
  ms@2.0.0:
    version "2.0.0"
    resolved "https://registry.yarnpkg.com/ms/-/ms-2.0.0.tgz#5608aeadfc00be6c2901df5f9861788de0d597c8"
  
  rollup@0.65.2:
    version "0.65.2"
    resolved "https://registry.yarnpkg.com/rollup/-/rollup-0.65.2.tgz#e1532e3c1a2e102c89d99289a184fcbbc7cd4b4a"
    dependencies:
      "@types/estree" "0.0.39"
      "@types/node" "*"
